<?xml version="1.0" encoding="UTF-8"?>
<!-- Generated by org.testng.reporters.JUnitReportReporter -->
<testsuite hostname="DESKTOP-9MNIE8U" failures="0" tests="1" name="Rail" time="66.413" errors="0" timestamp="2023-05-21T10:00:34 IST" skipped="0">
  <testcase classname="Rail" name="homePage" time="66.413"/>
  <system-out/>
</testsuite> <!-- Rail -->
