<?xml version="1.0" encoding="UTF-8"?>
<!-- Generated by org.testng.reporters.JUnitReportReporter -->
<testsuite hostname="DESKTOP-9MNIE8U" failures="0" tests="2" name="SeleniumTest.Railway" time="39.061" errors="0" timestamp="2023-04-20T23:01:32 IST" skipped="0">
  <testcase classname="SeleniumTest.Railway" name="test1" time="39.059"/>
  <system-out/>
  <testcase classname="SeleniumTest.Railway" name="test2" time="0.002"/>
  <system-out/>
</testsuite> <!-- SeleniumTest.Railway -->
